<?xml version="1.0" encoding="UTF-8"?>
<!-- Generated by org.testng.reporters.JUnitReportReporter -->
<testsuite hostname="ATMECSINLT-083" failures="0" tests="2" name="com.atmecs.Testing" time="0.198" errors="0" timestamp="22 Aug 2019 10:12:49 GMT" skipped="0">
  <testcase classname="com.atmecs.Testing" name="delete" time="0.179"/>
  <testcase classname="com.atmecs.Testing" name="insert" time="0.019"/>
</testsuite> <!-- com.atmecs.Testing -->
